c:\users\gehuts\desktop\ioq3_update-main1\code\win32\msvc\build\quake3_release\vc141.pdb
c:\users\gehuts\desktop\ioq3_update-main1\code\win32\msvc\build\quake3_release\common.obj
c:\users\gehuts\desktop\ioq3_update-main1\code\win32\msvc\build\quake3_release\cmd.obj
c:\users\gehuts\desktop\ioq3_update-main1\code\win32\msvc\build\quake3_release\cm_trace.obj
c:\users\gehuts\desktop\ioq3_update-main1\code\win32\msvc\build\quake3_release\cm_test.obj
c:\users\gehuts\desktop\ioq3_update-main1\code\win32\msvc\build\quake3_release\cm_polylib.obj
c:\users\gehuts\desktop\ioq3_update-main1\code\win32\msvc\build\quake3_release\cm_patch.obj
c:\users\gehuts\desktop\ioq3_update-main1\code\win32\msvc\build\quake3_release\cm_load.obj
c:\users\gehuts\desktop\ioq3_update-main1\code\win32\msvc\build\quake3_release\snd_dmahd.obj
c:\users\gehuts\desktop\ioq3_update-main1\code\win32\msvc\build\quake3_release\cl_ui.obj
c:\users\gehuts\desktop\ioq3_update-main1\code\win32\msvc\build\quake3_release\cl_scrn.obj
c:\users\gehuts\desktop\ioq3_update-main1\code\win32\msvc\build\quake3_release\cl_parse.obj
c:\users\gehuts\desktop\ioq3_update-main1\code\win32\msvc\build\quake3_release\cl_net_chan.obj
c:\users\gehuts\desktop\ioq3_update-main1\code\win32\msvc\build\quake3_release\cl_main.obj
c:\users\gehuts\desktop\ioq3_update-main1\code\win32\msvc\build\quake3_release\cl_keys.obj
c:\users\gehuts\desktop\ioq3_update-main1\code\win32\msvc\build\quake3_release\cl_input.obj
c:\users\gehuts\desktop\ioq3_update-main1\code\win32\msvc\build\quake3_release\cl_curl.obj
c:\users\gehuts\desktop\ioq3_update-main1\code\win32\msvc\build\quake3_release\cl_console.obj
c:\users\gehuts\desktop\ioq3_update-main1\code\win32\msvc\build\quake3_release\cl_cin.obj
c:\users\gehuts\desktop\ioq3_update-main1\code\win32\msvc\build\quake3_release\cl_cgame.obj
c:\users\gehuts\desktop\ioq3_update-main1\code\win32\msvc\build\quake3_release\cl_avi.obj
c:\users\gehuts\desktop\ioq3_update-main1\code\win32\msvc\build\quake3_release\snd_mix.obj
c:\users\gehuts\desktop\ioq3_update-main1\code\win32\msvc\build\quake3_release\snd_mem.obj
c:\users\gehuts\desktop\ioq3_update-main1\code\win32\msvc\build\quake3_release\snd_main.obj
c:\users\gehuts\desktop\ioq3_update-main1\code\win32\msvc\build\quake3_release\snd_dma.obj
c:\users\gehuts\desktop\ioq3_update-main1\code\win32\msvc\build\quake3_release\snd_codec_wav.obj
c:\users\gehuts\desktop\ioq3_update-main1\code\win32\msvc\build\quake3_release\snd_codec_ogg.obj
c:\users\gehuts\desktop\ioq3_update-main1\code\win32\msvc\build\quake3_release\snd_codec.obj
c:\users\gehuts\desktop\ioq3_update-main1\code\win32\msvc\build\quake3_release\snd_adpcm.obj
c:\users\gehuts\desktop\ioq3_update-main1\code\win32\msvc\build\quake3_release\qal.obj
c:\users\gehuts\desktop\ioq3_update-main1\code\win32\msvc\build\quake3_release\q_math.obj
c:\users\gehuts\desktop\ioq3_update-main1\code\win32\msvc\build\quake3_release\puff.obj
c:\users\gehuts\desktop\ioq3_update-main1\code\win32\msvc\build\quake3_release\net_ip.obj
c:\users\gehuts\desktop\ioq3_update-main1\code\win32\msvc\build\quake3_release\net_chan.obj
c:\users\gehuts\desktop\ioq3_update-main1\code\win32\msvc\build\quake3_release\msg.obj
c:\users\gehuts\desktop\ioq3_update-main1\code\win32\msvc\build\quake3_release\md5.obj
c:\users\gehuts\desktop\ioq3_update-main1\code\win32\msvc\build\quake3_release\md4.obj
c:\users\gehuts\desktop\ioq3_update-main1\code\win32\msvc\build\quake3_release\huffman.obj
c:\users\gehuts\desktop\ioq3_update-main1\code\win32\msvc\build\quake3_release\files.obj
c:\users\gehuts\desktop\ioq3_update-main1\code\win32\msvc\build\quake3_release\cvar.obj
c:\users\gehuts\desktop\ioq3_update-main1\code\win32\msvc\build\quake3_release\win_syscon.obj
c:\users\gehuts\desktop\ioq3_update-main1\code\win32\msvc\build\quake3_release\win_snd.obj
c:\users\gehuts\desktop\ioq3_update-main1\code\win32\msvc\build\quake3_release\win_shared.obj
c:\users\gehuts\desktop\ioq3_update-main1\code\win32\msvc\build\quake3_release\win_main.obj
c:\users\gehuts\desktop\ioq3_update-main1\code\win32\msvc\build\quake3_release\win_input.obj
c:\users\gehuts\desktop\ioq3_update-main1\code\win32\msvc\build\quake3_release\vm_x86.obj
c:\users\gehuts\desktop\ioq3_update-main1\code\win32\msvc\build\quake3_release\vm_interpreted.obj
c:\users\gehuts\desktop\ioq3_update-main1\code\win32\msvc\build\quake3_release\vm.obj
c:\users\gehuts\desktop\ioq3_update-main1\code\win32\msvc\build\quake3_release\unzip.obj
c:\users\gehuts\desktop\ioq3_update-main1\code\win32\msvc\build\quake3_release\sv_world.obj
c:\users\gehuts\desktop\ioq3_update-main1\code\win32\msvc\build\quake3_release\sv_snapshot.obj
c:\users\gehuts\desktop\ioq3_update-main1\code\win32\msvc\build\quake3_release\sv_net_chan.obj
c:\users\gehuts\desktop\ioq3_update-main1\code\win32\msvc\build\quake3_release\sv_init.obj
c:\users\gehuts\desktop\ioq3_update-main1\code\win32\msvc\build\quake3_release\sv_client.obj
c:\users\gehuts\desktop\ioq3_update-main1\code\win32\msvc\build\quake3_release\sv_ccmds.obj
c:\users\gehuts\desktop\ioq3_update-main1\code\win32\msvc\build\quake3_release\sv_bot.obj
c:\users\gehuts\desktop\ioq3_update-main1\code\win32\msvc\build\quake3_release\snd_wavelet.obj
c:\users\gehuts\desktop\ioq3_update-main1\code\win32\msvc\build\quake3_release\snd_openal.obj
c:\users\gehuts\desktop\ioq3_update-main1\code\win32\msvc\build\quake3_release\win_wndproc.obj
c:\users\gehuts\desktop\ioq3_update-main1\code\win32\msvc\build\quake3_release\quake3.tlog\cl.command.1.tlog
c:\users\gehuts\desktop\ioq3_update-main1\code\win32\msvc\build\quake3_release\quake3.tlog\cl.read.1.tlog
c:\users\gehuts\desktop\ioq3_update-main1\code\win32\msvc\build\quake3_release\quake3.tlog\cl.write.1.tlog
