  be_aas_bspq3.c
c:\users\gehuts\desktop\ioq3_update-main1\code\botlib\be_aas_bspq3.c(289): warning C4996: 'strncpy': This function or variable may be unsafe. Consider using strncpy_s instead. To disable deprecation, use _CRT_SECURE_NO_WARNINGS. See online help for details.
  c:\program files (x86)\windows kits\10\include\10.0.22621.0\ucrt\string.h(334): note: voir la déclaration de 'strncpy'
c:\users\gehuts\desktop\ioq3_update-main1\code\botlib\be_aas_bspq3.c(311): warning C4996: 'sscanf': This function or variable may be unsafe. Consider using sscanf_s instead. To disable deprecation, use _CRT_SECURE_NO_WARNINGS. See online help for details.
  c:\program files (x86)\windows kits\10\include\10.0.22621.0\ucrt\stdio.h(2240): note: voir la déclaration de 'sscanf'
c:\users\gehuts\desktop\ioq3_update-main1\code\botlib\be_aas_bspq3.c(423): warning C4996: 'strcpy': This function or variable may be unsafe. Consider using strcpy_s instead. To disable deprecation, use _CRT_SECURE_NO_WARNINGS. See online help for details.
c:\users\gehuts\desktop\ioq3_update-main1\code\botlib\be_aas_bspq3.c(432): warning C4996: 'strcpy': This function or variable may be unsafe. Consider using strcpy_s instead. To disable deprecation, use _CRT_SECURE_NO_WARNINGS. See online help for details.
  be_aas_cluster.c
  be_aas_debug.c
  be_aas_entity.c
  be_aas_file.c
  be_aas_main.c
c:\users\gehuts\desktop\ioq3_update-main1\code\botlib\be_aas_main.c(63): warning C4996: 'vsprintf': This function or variable may be unsafe. Consider using vsprintf_s instead. To disable deprecation, use _CRT_SECURE_NO_WARNINGS. See online help for details.
  c:\program files (x86)\windows kits\10\include\10.0.22621.0\ucrt\stdio.h(1465): note: voir la déclaration de 'vsprintf'
c:\users\gehuts\desktop\ioq3_update-main1\code\botlib\be_aas_main.c(152): warning C4996: 'strcpy': This function or variable may be unsafe. Consider using strcpy_s instead. To disable deprecation, use _CRT_SECURE_NO_WARNINGS. See online help for details.
c:\users\gehuts\desktop\ioq3_update-main1\code\botlib\be_aas_main.c(316): warning C4996: 'strcpy': This function or variable may be unsafe. Consider using strcpy_s instead. To disable deprecation, use _CRT_SECURE_NO_WARNINGS. See online help for details.
c:\users\gehuts\desktop\ioq3_update-main1\code\botlib\be_aas_main.c(331): warning C4996: 'strncpy': This function or variable may be unsafe. Consider using strncpy_s instead. To disable deprecation, use _CRT_SECURE_NO_WARNINGS. See online help for details.
  c:\program files (x86)\windows kits\10\include\10.0.22621.0\ucrt\string.h(334): note: voir la déclaration de 'strncpy'
  be_aas_move.c
  be_aas_optimize.c
  be_aas_reach.c
  be_aas_route.c
  be_aas_routealt.c
  be_aas_sample.c
  be_ai_char.c
c:\users\gehuts\desktop\ioq3_update-main1\code\botlib\be_ai_char.c(202): warning C4996: 'strcpy': This function or variable may be unsafe. Consider using strcpy_s instead. To disable deprecation, use _CRT_SECURE_NO_WARNINGS. See online help for details.
c:\users\gehuts\desktop\ioq3_update-main1\code\botlib\be_ai_char.c(230): warning C4996: 'strcpy': This function or variable may be unsafe. Consider using strcpy_s instead. To disable deprecation, use _CRT_SECURE_NO_WARNINGS. See online help for details.
c:\users\gehuts\desktop\ioq3_update-main1\code\botlib\be_ai_char.c(250): warning C4389: '==' : incompatibilité signed/unsigned
c:\users\gehuts\desktop\ioq3_update-main1\code\botlib\be_ai_char.c(306): warning C4996: 'strcpy': This function or variable may be unsafe. Consider using strcpy_s instead. To disable deprecation, use _CRT_SECURE_NO_WARNINGS. See online help for details.
c:\users\gehuts\desktop\ioq3_update-main1\code\botlib\be_ai_char.c(535): warning C4996: 'strcpy': This function or variable may be unsafe. Consider using strcpy_s instead. To disable deprecation, use _CRT_SECURE_NO_WARNINGS. See online help for details.
c:\users\gehuts\desktop\ioq3_update-main1\code\botlib\be_ai_char.c(557): warning C4996: 'strcpy': This function or variable may be unsafe. Consider using strcpy_s instead. To disable deprecation, use _CRT_SECURE_NO_WARNINGS. See online help for details.
c:\users\gehuts\desktop\ioq3_update-main1\code\botlib\be_ai_char.c(761): warning C4996: 'strncpy': This function or variable may be unsafe. Consider using strncpy_s instead. To disable deprecation, use _CRT_SECURE_NO_WARNINGS. See online help for details.
  c:\program files (x86)\windows kits\10\include\10.0.22621.0\ucrt\string.h(334): note: voir la déclaration de 'strncpy'
  be_ai_chat.c
c:\users\gehuts\desktop\ioq3_update-main1\code\botlib\be_ai_chat.c(345): warning C4996: 'strncpy': This function or variable may be unsafe. Consider using strncpy_s instead. To disable deprecation, use _CRT_SECURE_NO_WARNINGS. See online help for details.
  c:\program files (x86)\windows kits\10\include\10.0.22621.0\ucrt\string.h(334): note: voir la déclaration de 'strncpy'
c:\users\gehuts\desktop\ioq3_update-main1\code\botlib\be_ai_chat.c(714): warning C4996: 'strcpy': This function or variable may be unsafe. Consider using strcpy_s instead. To disable deprecation, use _CRT_SECURE_NO_WARNINGS. See online help for details.
c:\users\gehuts\desktop\ioq3_update-main1\code\botlib\be_ai_chat.c(898): warning C4996: 'strcat': This function or variable may be unsafe. Consider using strcat_s instead. To disable deprecation, use _CRT_SECURE_NO_WARNINGS. See online help for details.
c:\users\gehuts\desktop\ioq3_update-main1\code\botlib\be_ai_chat.c(908): warning C4996: 'sprintf': This function or variable may be unsafe. Consider using sprintf_s instead. To disable deprecation, use _CRT_SECURE_NO_WARNINGS. See online help for details.
  c:\program files (x86)\windows kits\10\include\10.0.22621.0\ucrt\stdio.h(1764): note: voir la déclaration de 'sprintf'
c:\users\gehuts\desktop\ioq3_update-main1\code\botlib\be_ai_chat.c(918): warning C4996: 'sprintf': This function or variable may be unsafe. Consider using sprintf_s instead. To disable deprecation, use _CRT_SECURE_NO_WARNINGS. See online help for details.
  c:\program files (x86)\windows kits\10\include\10.0.22621.0\ucrt\stdio.h(1764): note: voir la déclaration de 'sprintf'
c:\users\gehuts\desktop\ioq3_update-main1\code\botlib\be_ai_chat.c(1013): warning C4996: 'strcpy': This function or variable may be unsafe. Consider using strcpy_s instead. To disable deprecation, use _CRT_SECURE_NO_WARNINGS. See online help for details.
c:\users\gehuts\desktop\ioq3_update-main1\code\botlib\be_ai_chat.c(1029): warning C4456: la déclaration de 'len' masque la déclaration locale précédente
  c:\users\gehuts\desktop\ioq3_update-main1\code\botlib\be_ai_chat.c(997): note: voir la déclaration de 'len'
c:\users\gehuts\desktop\ioq3_update-main1\code\botlib\be_ai_chat.c(1044): warning C4996: 'strcpy': This function or variable may be unsafe. Consider using strcpy_s instead. To disable deprecation, use _CRT_SECURE_NO_WARNINGS. See online help for details.
c:\users\gehuts\desktop\ioq3_update-main1\code\botlib\be_ai_chat.c(1230): warning C4996: 'strcpy': This function or variable may be unsafe. Consider using strcpy_s instead. To disable deprecation, use _CRT_SECURE_NO_WARNINGS. See online help for details.
c:\users\gehuts\desktop\ioq3_update-main1\code\botlib\be_ai_chat.c(1461): warning C4996: 'strncpy': This function or variable may be unsafe. Consider using strncpy_s instead. To disable deprecation, use _CRT_SECURE_NO_WARNINGS. See online help for details.
  c:\program files (x86)\windows kits\10\include\10.0.22621.0\ucrt\string.h(334): note: voir la déclaration de 'strncpy'
c:\users\gehuts\desktop\ioq3_update-main1\code\botlib\be_ai_chat.c(1495): warning C4996: 'strcpy': This function or variable may be unsafe. Consider using strcpy_s instead. To disable deprecation, use _CRT_SECURE_NO_WARNINGS. See online help for details.
c:\users\gehuts\desktop\ioq3_update-main1\code\botlib\be_ai_chat.c(1509): warning C4996: 'strcpy': This function or variable may be unsafe. Consider using strcpy_s instead. To disable deprecation, use _CRT_SECURE_NO_WARNINGS. See online help for details.
c:\users\gehuts\desktop\ioq3_update-main1\code\botlib\be_ai_chat.c(1504): warning C4996: 'strncpy': This function or variable may be unsafe. Consider using strncpy_s instead. To disable deprecation, use _CRT_SECURE_NO_WARNINGS. See online help for details.
  c:\program files (x86)\windows kits\10\include\10.0.22621.0\ucrt\string.h(334): note: voir la déclaration de 'strncpy'
c:\users\gehuts\desktop\ioq3_update-main1\code\botlib\be_ai_chat.c(1579): warning C4996: 'strcpy': This function or variable may be unsafe. Consider using strcpy_s instead. To disable deprecation, use _CRT_SECURE_NO_WARNINGS. See online help for details.
c:\users\gehuts\desktop\ioq3_update-main1\code\botlib\be_ai_chat.c(1915): warning C4996: 'strcpy': This function or variable may be unsafe. Consider using strcpy_s instead. To disable deprecation, use _CRT_SECURE_NO_WARNINGS. See online help for details.
c:\users\gehuts\desktop\ioq3_update-main1\code\botlib\be_ai_chat.c(1925): warning C4996: 'strcat': This function or variable may be unsafe. Consider using strcat_s instead. To disable deprecation, use _CRT_SECURE_NO_WARNINGS. See online help for details.
c:\users\gehuts\desktop\ioq3_update-main1\code\botlib\be_ai_chat.c(1926): warning C4996: 'strcat': This function or variable may be unsafe. Consider using strcat_s instead. To disable deprecation, use _CRT_SECURE_NO_WARNINGS. See online help for details.
c:\users\gehuts\desktop\ioq3_update-main1\code\botlib\be_ai_chat.c(1935): warning C4996: 'strcpy': This function or variable may be unsafe. Consider using strcpy_s instead. To disable deprecation, use _CRT_SECURE_NO_WARNINGS. See online help for details.
c:\users\gehuts\desktop\ioq3_update-main1\code\botlib\be_ai_chat.c(1948): warning C4996: 'strcpy': This function or variable may be unsafe. Consider using strcpy_s instead. To disable deprecation, use _CRT_SECURE_NO_WARNINGS. See online help for details.
c:\users\gehuts\desktop\ioq3_update-main1\code\botlib\be_ai_chat.c(1983): warning C4996: 'strcpy': This function or variable may be unsafe. Consider using strcpy_s instead. To disable deprecation, use _CRT_SECURE_NO_WARNINGS. See online help for details.
c:\users\gehuts\desktop\ioq3_update-main1\code\botlib\be_ai_chat.c(2150): warning C4996: 'strcpy': This function or variable may be unsafe. Consider using strcpy_s instead. To disable deprecation, use _CRT_SECURE_NO_WARNINGS. See online help for details.
c:\users\gehuts\desktop\ioq3_update-main1\code\botlib\be_ai_chat.c(2120): warning C4996: 'strncpy': This function or variable may be unsafe. Consider using strncpy_s instead. To disable deprecation, use _CRT_SECURE_NO_WARNINGS. See online help for details.
  c:\program files (x86)\windows kits\10\include\10.0.22621.0\ucrt\string.h(334): note: voir la déclaration de 'strncpy'
c:\users\gehuts\desktop\ioq3_update-main1\code\botlib\be_ai_chat.c(2343): warning C4996: 'strcpy': This function or variable may be unsafe. Consider using strcpy_s instead. To disable deprecation, use _CRT_SECURE_NO_WARNINGS. See online help for details.
c:\users\gehuts\desktop\ioq3_update-main1\code\botlib\be_ai_chat.c(2370): warning C4996: 'strcpy': This function or variable may be unsafe. Consider using strcpy_s instead. To disable deprecation, use _CRT_SECURE_NO_WARNINGS. See online help for details.
c:\users\gehuts\desktop\ioq3_update-main1\code\botlib\be_ai_chat.c(2410): warning C4996: 'strcpy': This function or variable may be unsafe. Consider using strcpy_s instead. To disable deprecation, use _CRT_SECURE_NO_WARNINGS. See online help for details.
c:\users\gehuts\desktop\ioq3_update-main1\code\botlib\be_ai_chat.c(2417): warning C4996: 'strcpy': This function or variable may be unsafe. Consider using strcpy_s instead. To disable deprecation, use _CRT_SECURE_NO_WARNINGS. See online help for details.
c:\users\gehuts\desktop\ioq3_update-main1\code\botlib\be_ai_chat.c(2542): warning C4996: 'strcat': This function or variable may be unsafe. Consider using strcat_s instead. To disable deprecation, use _CRT_SECURE_NO_WARNINGS. See online help for details.
c:\users\gehuts\desktop\ioq3_update-main1\code\botlib\be_ai_chat.c(2548): warning C4996: 'strcat': This function or variable may be unsafe. Consider using strcat_s instead. To disable deprecation, use _CRT_SECURE_NO_WARNINGS. See online help for details.
c:\users\gehuts\desktop\ioq3_update-main1\code\botlib\be_ai_chat.c(2554): warning C4996: 'strcat': This function or variable may be unsafe. Consider using strcat_s instead. To disable deprecation, use _CRT_SECURE_NO_WARNINGS. See online help for details.
c:\users\gehuts\desktop\ioq3_update-main1\code\botlib\be_ai_chat.c(2560): warning C4996: 'strcat': This function or variable may be unsafe. Consider using strcat_s instead. To disable deprecation, use _CRT_SECURE_NO_WARNINGS. See online help for details.
c:\users\gehuts\desktop\ioq3_update-main1\code\botlib\be_ai_chat.c(2566): warning C4996: 'strcat': This function or variable may be unsafe. Consider using strcat_s instead. To disable deprecation, use _CRT_SECURE_NO_WARNINGS. See online help for details.
c:\users\gehuts\desktop\ioq3_update-main1\code\botlib\be_ai_chat.c(2572): warning C4996: 'strcat': This function or variable may be unsafe. Consider using strcat_s instead. To disable deprecation, use _CRT_SECURE_NO_WARNINGS. See online help for details.
c:\users\gehuts\desktop\ioq3_update-main1\code\botlib\be_ai_chat.c(2578): warning C4996: 'strcat': This function or variable may be unsafe. Consider using strcat_s instead. To disable deprecation, use _CRT_SECURE_NO_WARNINGS. See online help for details.
c:\users\gehuts\desktop\ioq3_update-main1\code\botlib\be_ai_chat.c(2584): warning C4996: 'strcat': This function or variable may be unsafe. Consider using strcat_s instead. To disable deprecation, use _CRT_SECURE_NO_WARNINGS. See online help for details.
c:\users\gehuts\desktop\ioq3_update-main1\code\botlib\be_ai_chat.c(2651): warning C4996: 'strcpy': This function or variable may be unsafe. Consider using strcpy_s instead. To disable deprecation, use _CRT_SECURE_NO_WARNINGS. See online help for details.
c:\users\gehuts\desktop\ioq3_update-main1\code\botlib\be_ai_chat.c(2725): warning C4996: 'strcat': This function or variable may be unsafe. Consider using strcat_s instead. To disable deprecation, use _CRT_SECURE_NO_WARNINGS. See online help for details.
c:\users\gehuts\desktop\ioq3_update-main1\code\botlib\be_ai_chat.c(2731): warning C4996: 'strcat': This function or variable may be unsafe. Consider using strcat_s instead. To disable deprecation, use _CRT_SECURE_NO_WARNINGS. See online help for details.
c:\users\gehuts\desktop\ioq3_update-main1\code\botlib\be_ai_chat.c(2737): warning C4996: 'strcat': This function or variable may be unsafe. Consider using strcat_s instead. To disable deprecation, use _CRT_SECURE_NO_WARNINGS. See online help for details.
c:\users\gehuts\desktop\ioq3_update-main1\code\botlib\be_ai_chat.c(2743): warning C4996: 'strcat': This function or variable may be unsafe. Consider using strcat_s instead. To disable deprecation, use _CRT_SECURE_NO_WARNINGS. See online help for details.
c:\users\gehuts\desktop\ioq3_update-main1\code\botlib\be_ai_chat.c(2749): warning C4996: 'strcat': This function or variable may be unsafe. Consider using strcat_s instead. To disable deprecation, use _CRT_SECURE_NO_WARNINGS. See online help for details.
c:\users\gehuts\desktop\ioq3_update-main1\code\botlib\be_ai_chat.c(2755): warning C4996: 'strcat': This function or variable may be unsafe. Consider using strcat_s instead. To disable deprecation, use _CRT_SECURE_NO_WARNINGS. See online help for details.
c:\users\gehuts\desktop\ioq3_update-main1\code\botlib\be_ai_chat.c(2761): warning C4996: 'strcat': This function or variable may be unsafe. Consider using strcat_s instead. To disable deprecation, use _CRT_SECURE_NO_WARNINGS. See online help for details.
c:\users\gehuts\desktop\ioq3_update-main1\code\botlib\be_ai_chat.c(2767): warning C4996: 'strcat': This function or variable may be unsafe. Consider using strcat_s instead. To disable deprecation, use _CRT_SECURE_NO_WARNINGS. See online help for details.
c:\users\gehuts\desktop\ioq3_update-main1\code\botlib\be_ai_chat.c(2837): warning C4996: 'strcpy': This function or variable may be unsafe. Consider using strcpy_s instead. To disable deprecation, use _CRT_SECURE_NO_WARNINGS. See online help for details.
c:\users\gehuts\desktop\ioq3_update-main1\code\botlib\be_ai_chat.c(2857): warning C4996: 'strcpy': This function or variable may be unsafe. Consider using strcpy_s instead. To disable deprecation, use _CRT_SECURE_NO_WARNINGS. See online help for details.
c:\users\gehuts\desktop\ioq3_update-main1\code\botlib\be_ai_chat.c(2854): warning C4996: 'strncpy': This function or variable may be unsafe. Consider using strncpy_s instead. To disable deprecation, use _CRT_SECURE_NO_WARNINGS. See online help for details.
  c:\program files (x86)\windows kits\10\include\10.0.22621.0\ucrt\string.h(334): note: voir la déclaration de 'strncpy'
c:\users\gehuts\desktop\ioq3_update-main1\code\botlib\be_ai_chat.c(2892): warning C4996: 'strncpy': This function or variable may be unsafe. Consider using strncpy_s instead. To disable deprecation, use _CRT_SECURE_NO_WARNINGS. See online help for details.
  c:\program files (x86)\windows kits\10\include\10.0.22621.0\ucrt\string.h(334): note: voir la déclaration de 'strncpy'
  be_ai_gen.c
  be_ai_goal.c
c:\users\gehuts\desktop\ioq3_update-main1\code\botlib\be_ai_goal.c(284): warning C4996: 'strncpy': This function or variable may be unsafe. Consider using strncpy_s instead. To disable deprecation, use _CRT_SECURE_NO_WARNINGS. See online help for details.
  c:\program files (x86)\windows kits\10\include\10.0.22621.0\ucrt\string.h(334): note: voir la déclaration de 'strncpy'
c:\users\gehuts\desktop\ioq3_update-main1\code\botlib\be_ai_goal.c(317): warning C4996: 'strncpy': This function or variable may be unsafe. Consider using strncpy_s instead. To disable deprecation, use _CRT_SECURE_NO_WARNINGS. See online help for details.
  c:\program files (x86)\windows kits\10\include\10.0.22621.0\ucrt\string.h(334): note: voir la déclaration de 'strncpy'
c:\users\gehuts\desktop\ioq3_update-main1\code\botlib\be_ai_goal.c(694): warning C4996: 'strcpy': This function or variable may be unsafe. Consider using strcpy_s instead. To disable deprecation, use _CRT_SECURE_NO_WARNINGS. See online help for details.
c:\users\gehuts\desktop\ioq3_update-main1\code\botlib\be_ai_goal.c(689): warning C4996: 'strncpy': This function or variable may be unsafe. Consider using strncpy_s instead. To disable deprecation, use _CRT_SECURE_NO_WARNINGS. See online help for details.
  c:\program files (x86)\windows kits\10\include\10.0.22621.0\ucrt\string.h(334): note: voir la déclaration de 'strncpy'
  be_ai_move.c
  be_ai_weap.c
c:\users\gehuts\desktop\ioq3_update-main1\code\botlib\be_ai_weap.c(222): warning C4996: 'strncpy': This function or variable may be unsafe. Consider using strncpy_s instead. To disable deprecation, use _CRT_SECURE_NO_WARNINGS. See online help for details.
  c:\program files (x86)\windows kits\10\include\10.0.22621.0\ucrt\string.h(334): note: voir la déclaration de 'strncpy'
  be_ai_weight.c
c:\users\gehuts\desktop\ioq3_update-main1\code\botlib\be_ai_weight.c(349): warning C4996: 'strcpy': This function or variable may be unsafe. Consider using strcpy_s instead. To disable deprecation, use _CRT_SECURE_NO_WARNINGS. See online help for details.
  be_ea.c
  Génération de code en cours...
c:\users\gehuts\desktop\ioq3_update-main1\code\botlib\be_ai_chat.c(374): warning C4706: assignation au sein d'une expression conditionnelle
  Compilation en cours...
  be_interface.c
c:\users\gehuts\desktop\ioq3_update-main1\code\botlib\be_interface.c(248): warning C4996: 'strncpy': This function or variable may be unsafe. Consider using strncpy_s instead. To disable deprecation, use _CRT_SECURE_NO_WARNINGS. See online help for details.
  c:\program files (x86)\windows kits\10\include\10.0.22621.0\ucrt\string.h(334): note: voir la déclaration de 'strncpy'
  l_crc.c
  l_libvar.c
c:\users\gehuts\desktop\ioq3_update-main1\code\botlib\l_libvar.c(90): warning C4996: 'strcpy': This function or variable may be unsafe. Consider using strcpy_s instead. To disable deprecation, use _CRT_SECURE_NO_WARNINGS. See online help for details.
c:\users\gehuts\desktop\ioq3_update-main1\code\botlib\l_libvar.c(199): warning C4996: 'strcpy': This function or variable may be unsafe. Consider using strcpy_s instead. To disable deprecation, use _CRT_SECURE_NO_WARNINGS. See online help for details.
c:\users\gehuts\desktop\ioq3_update-main1\code\botlib\l_libvar.c(254): warning C4996: 'strcpy': This function or variable may be unsafe. Consider using strcpy_s instead. To disable deprecation, use _CRT_SECURE_NO_WARNINGS. See online help for details.
  l_log.c
c:\users\gehuts\desktop\ioq3_update-main1\code\botlib\l_log.c(71): warning C4996: 'fopen': This function or variable may be unsafe. Consider using fopen_s instead. To disable deprecation, use _CRT_SECURE_NO_WARNINGS. See online help for details.
  c:\program files (x86)\windows kits\10\include\10.0.22621.0\ucrt\stdio.h(213): note: voir la déclaration de 'fopen'
c:\users\gehuts\desktop\ioq3_update-main1\code\botlib\l_log.c(77): warning C4996: 'strncpy': This function or variable may be unsafe. Consider using strncpy_s instead. To disable deprecation, use _CRT_SECURE_NO_WARNINGS. See online help for details.
  c:\program files (x86)\windows kits\10\include\10.0.22621.0\ucrt\string.h(334): note: voir la déclaration de 'strncpy'
  l_memory.c
  l_precomp.c
c:\users\gehuts\desktop\ioq3_update-main1\code\botlib\l_precomp.c(134): warning C4996: 'vsprintf': This function or variable may be unsafe. Consider using vsprintf_s instead. To disable deprecation, use _CRT_SECURE_NO_WARNINGS. See online help for details.
  c:\program files (x86)\windows kits\10\include\10.0.22621.0\ucrt\stdio.h(1465): note: voir la déclaration de 'vsprintf'
c:\users\gehuts\desktop\ioq3_update-main1\code\botlib\l_precomp.c(158): warning C4996: 'vsprintf': This function or variable may be unsafe. Consider using vsprintf_s instead. To disable deprecation, use _CRT_SECURE_NO_WARNINGS. See online help for details.
  c:\program files (x86)\windows kits\10\include\10.0.22621.0\ucrt\stdio.h(1465): note: voir la déclaration de 'vsprintf'
c:\users\gehuts\desktop\ioq3_update-main1\code\botlib\l_precomp.c(469): warning C4996: 'strcat': This function or variable may be unsafe. Consider using strcat_s instead. To disable deprecation, use _CRT_SECURE_NO_WARNINGS. See online help for details.
c:\users\gehuts\desktop\ioq3_update-main1\code\botlib\l_precomp.c(472): warning C4996: 'strncat': This function or variable may be unsafe. Consider using strncat_s instead. To disable deprecation, use _CRT_SECURE_NO_WARNINGS. See online help for details.
  c:\program files (x86)\windows kits\10\include\10.0.22621.0\ucrt\string.h(262): note: voir la déclaration de 'strncat'
c:\users\gehuts\desktop\ioq3_update-main1\code\botlib\l_precomp.c(474): warning C4996: 'strncat': This function or variable may be unsafe. Consider using strncat_s instead. To disable deprecation, use _CRT_SECURE_NO_WARNINGS. See online help for details.
  c:\program files (x86)\windows kits\10\include\10.0.22621.0\ucrt\string.h(262): note: voir la déclaration de 'strncat'
c:\users\gehuts\desktop\ioq3_update-main1\code\botlib\l_precomp.c(488): warning C4996: 'strcat': This function or variable may be unsafe. Consider using strcat_s instead. To disable deprecation, use _CRT_SECURE_NO_WARNINGS. See online help for details.
c:\users\gehuts\desktop\ioq3_update-main1\code\botlib\l_precomp.c(497): warning C4996: 'strcat': This function or variable may be unsafe. Consider using strcat_s instead. To disable deprecation, use _CRT_SECURE_NO_WARNINGS. See online help for details.
c:\users\gehuts\desktop\ioq3_update-main1\code\botlib\l_precomp.c(687): warning C4996: 'strcpy': This function or variable may be unsafe. Consider using strcpy_s instead. To disable deprecation, use _CRT_SECURE_NO_WARNINGS. See online help for details.
c:\users\gehuts\desktop\ioq3_update-main1\code\botlib\l_precomp.c(731): warning C4996: 'strcpy': This function or variable may be unsafe. Consider using strcpy_s instead. To disable deprecation, use _CRT_SECURE_NO_WARNINGS. See online help for details.
c:\users\gehuts\desktop\ioq3_update-main1\code\botlib\l_precomp.c(742): warning C4996: 'strcpy': This function or variable may be unsafe. Consider using strcpy_s instead. To disable deprecation, use _CRT_SECURE_NO_WARNINGS. See online help for details.
c:\users\gehuts\desktop\ioq3_update-main1\code\botlib\l_precomp.c(745): warning C4996: 'strcat': This function or variable may be unsafe. Consider using strcat_s instead. To disable deprecation, use _CRT_SECURE_NO_WARNINGS. See online help for details.
c:\users\gehuts\desktop\ioq3_update-main1\code\botlib\l_precomp.c(757): warning C4996: 'strcpy': This function or variable may be unsafe. Consider using strcpy_s instead. To disable deprecation, use _CRT_SECURE_NO_WARNINGS. See online help for details.
c:\users\gehuts\desktop\ioq3_update-main1\code\botlib\l_precomp.c(759): warning C4996: 'strcat': This function or variable may be unsafe. Consider using strcat_s instead. To disable deprecation, use _CRT_SECURE_NO_WARNINGS. See online help for details.
c:\users\gehuts\desktop\ioq3_update-main1\code\botlib\l_precomp.c(718): warning C4996: 'sprintf': This function or variable may be unsafe. Consider using sprintf_s instead. To disable deprecation, use _CRT_SECURE_NO_WARNINGS. See online help for details.
  c:\program files (x86)\windows kits\10\include\10.0.22621.0\ucrt\stdio.h(1764): note: voir la déclaration de 'sprintf'
c:\users\gehuts\desktop\ioq3_update-main1\code\botlib\l_precomp.c(741): warning C4996: 'ctime': This function or variable may be unsafe. Consider using ctime_s instead. To disable deprecation, use _CRT_SECURE_NO_WARNINGS. See online help for details.
  c:\program files (x86)\windows kits\10\include\10.0.22621.0\ucrt\time.h(501): note: voir la déclaration de 'ctime'
c:\users\gehuts\desktop\ioq3_update-main1\code\botlib\l_precomp.c(743): warning C4996: 'strncat': This function or variable may be unsafe. Consider using strncat_s instead. To disable deprecation, use _CRT_SECURE_NO_WARNINGS. See online help for details.
  c:\program files (x86)\windows kits\10\include\10.0.22621.0\ucrt\string.h(262): note: voir la déclaration de 'strncat'
c:\users\gehuts\desktop\ioq3_update-main1\code\botlib\l_precomp.c(744): warning C4996: 'strncat': This function or variable may be unsafe. Consider using strncat_s instead. To disable deprecation, use _CRT_SECURE_NO_WARNINGS. See online help for details.
  c:\program files (x86)\windows kits\10\include\10.0.22621.0\ucrt\string.h(262): note: voir la déclaration de 'strncat'
c:\users\gehuts\desktop\ioq3_update-main1\code\botlib\l_precomp.c(756): warning C4996: 'ctime': This function or variable may be unsafe. Consider using ctime_s instead. To disable deprecation, use _CRT_SECURE_NO_WARNINGS. See online help for details.
  c:\program files (x86)\windows kits\10\include\10.0.22621.0\ucrt\time.h(501): note: voir la déclaration de 'ctime'
c:\users\gehuts\desktop\ioq3_update-main1\code\botlib\l_precomp.c(758): warning C4996: 'strncat': This function or variable may be unsafe. Consider using strncat_s instead. To disable deprecation, use _CRT_SECURE_NO_WARNINGS. See online help for details.
  c:\program files (x86)\windows kits\10\include\10.0.22621.0\ucrt\string.h(262): note: voir la déclaration de 'strncat'
c:\users\gehuts\desktop\ioq3_update-main1\code\botlib\l_precomp.c(999): warning C4996: 'strcpy': This function or variable may be unsafe. Consider using strcpy_s instead. To disable deprecation, use _CRT_SECURE_NO_WARNINGS. See online help for details.
c:\users\gehuts\desktop\ioq3_update-main1\code\botlib\l_precomp.c(1000): warning C4996: 'strcat': This function or variable may be unsafe. Consider using strcat_s instead. To disable deprecation, use _CRT_SECURE_NO_WARNINGS. See online help for details.
c:\users\gehuts\desktop\ioq3_update-main1\code\botlib\l_precomp.c(1006): warning C4996: 'strcpy': This function or variable may be unsafe. Consider using strcpy_s instead. To disable deprecation, use _CRT_SECURE_NO_WARNINGS. See online help for details.
c:\users\gehuts\desktop\ioq3_update-main1\code\botlib\l_precomp.c(1015): warning C4996: 'strncat': This function or variable may be unsafe. Consider using strncat_s instead. To disable deprecation, use _CRT_SECURE_NO_WARNINGS. See online help for details.
  c:\program files (x86)\windows kits\10\include\10.0.22621.0\ucrt\string.h(262): note: voir la déclaration de 'strncat'
c:\users\gehuts\desktop\ioq3_update-main1\code\botlib\l_precomp.c(1223): warning C4996: 'strcpy': This function or variable may be unsafe. Consider using strcpy_s instead. To disable deprecation, use _CRT_SECURE_NO_WARNINGS. See online help for details.
c:\users\gehuts\desktop\ioq3_update-main1\code\botlib\l_precomp.c(1333): warning C4996: 'strncpy': This function or variable may be unsafe. Consider using strncpy_s instead. To disable deprecation, use _CRT_SECURE_NO_WARNINGS. See online help for details.
  c:\program files (x86)\windows kits\10\include\10.0.22621.0\ucrt\string.h(334): note: voir la déclaration de 'strncpy'
c:\users\gehuts\desktop\ioq3_update-main1\code\botlib\l_precomp.c(1459): warning C4996: 'strcpy': This function or variable may be unsafe. Consider using strcpy_s instead. To disable deprecation, use _CRT_SECURE_NO_WARNINGS. See online help for details.
c:\users\gehuts\desktop\ioq3_update-main1\code\botlib\l_precomp.c(2399): warning C4996: 'strcpy': This function or variable may be unsafe. Consider using strcpy_s instead. To disable deprecation, use _CRT_SECURE_NO_WARNINGS. See online help for details.
c:\users\gehuts\desktop\ioq3_update-main1\code\botlib\l_precomp.c(2432): warning C4996: 'strcpy': This function or variable may be unsafe. Consider using strcpy_s instead. To disable deprecation, use _CRT_SECURE_NO_WARNINGS. See online help for details.
c:\users\gehuts\desktop\ioq3_update-main1\code\botlib\l_precomp.c(2454): warning C4996: 'sprintf': This function or variable may be unsafe. Consider using sprintf_s instead. To disable deprecation, use _CRT_SECURE_NO_WARNINGS. See online help for details.
  c:\program files (x86)\windows kits\10\include\10.0.22621.0\ucrt\stdio.h(1764): note: voir la déclaration de 'sprintf'
c:\users\gehuts\desktop\ioq3_update-main1\code\botlib\l_precomp.c(2477): warning C4996: 'sprintf': This function or variable may be unsafe. Consider using sprintf_s instead. To disable deprecation, use _CRT_SECURE_NO_WARNINGS. See online help for details.
  c:\program files (x86)\windows kits\10\include\10.0.22621.0\ucrt\stdio.h(1764): note: voir la déclaration de 'sprintf'
c:\users\gehuts\desktop\ioq3_update-main1\code\botlib\l_precomp.c(2559): warning C4996: 'sprintf': This function or variable may be unsafe. Consider using sprintf_s instead. To disable deprecation, use _CRT_SECURE_NO_WARNINGS. See online help for details.
  c:\program files (x86)\windows kits\10\include\10.0.22621.0\ucrt\stdio.h(1764): note: voir la déclaration de 'sprintf'
c:\users\gehuts\desktop\ioq3_update-main1\code\botlib\l_precomp.c(2586): warning C4996: 'sprintf': This function or variable may be unsafe. Consider using sprintf_s instead. To disable deprecation, use _CRT_SECURE_NO_WARNINGS. See online help for details.
  c:\program files (x86)\windows kits\10\include\10.0.22621.0\ucrt\stdio.h(1764): note: voir la déclaration de 'sprintf'
c:\users\gehuts\desktop\ioq3_update-main1\code\botlib\l_precomp.c(2748): warning C4996: 'strcat': This function or variable may be unsafe. Consider using strcat_s instead. To disable deprecation, use _CRT_SECURE_NO_WARNINGS. See online help for details.
c:\users\gehuts\desktop\ioq3_update-main1\code\botlib\l_precomp.c(2822): warning C4996: 'strcpy': This function or variable may be unsafe. Consider using strcpy_s instead. To disable deprecation, use _CRT_SECURE_NO_WARNINGS. See online help for details.
c:\users\gehuts\desktop\ioq3_update-main1\code\botlib\l_precomp.c(2823): warning C4996: 'strcpy': This function or variable may be unsafe. Consider using strcpy_s instead. To disable deprecation, use _CRT_SECURE_NO_WARNINGS. See online help for details.
c:\users\gehuts\desktop\ioq3_update-main1\code\botlib\l_precomp.c(2824): warning C4996: 'strcpy': This function or variable may be unsafe. Consider using strcpy_s instead. To disable deprecation, use _CRT_SECURE_NO_WARNINGS. See online help for details.
c:\users\gehuts\desktop\ioq3_update-main1\code\botlib\l_precomp.c(2825): warning C4996: 'strcpy': This function or variable may be unsafe. Consider using strcpy_s instead. To disable deprecation, use _CRT_SECURE_NO_WARNINGS. See online help for details.
c:\users\gehuts\desktop\ioq3_update-main1\code\botlib\l_precomp.c(2826): warning C4996: 'strcpy': This function or variable may be unsafe. Consider using strcpy_s instead. To disable deprecation, use _CRT_SECURE_NO_WARNINGS. See online help for details.
c:\users\gehuts\desktop\ioq3_update-main1\code\botlib\l_precomp.c(2827): warning C4996: 'strcpy': This function or variable may be unsafe. Consider using strcpy_s instead. To disable deprecation, use _CRT_SECURE_NO_WARNINGS. See online help for details.
c:\users\gehuts\desktop\ioq3_update-main1\code\botlib\l_precomp.c(2835): warning C4996: 'strcpy': This function or variable may be unsafe. Consider using strcpy_s instead. To disable deprecation, use _CRT_SECURE_NO_WARNINGS. See online help for details.
c:\users\gehuts\desktop\ioq3_update-main1\code\botlib\l_precomp.c(2836): warning C4996: 'strcpy': This function or variable may be unsafe. Consider using strcpy_s instead. To disable deprecation, use _CRT_SECURE_NO_WARNINGS. See online help for details.
c:\users\gehuts\desktop\ioq3_update-main1\code\botlib\l_precomp.c(2837): warning C4996: 'strcpy': This function or variable may be unsafe. Consider using strcpy_s instead. To disable deprecation, use _CRT_SECURE_NO_WARNINGS. See online help for details.
c:\users\gehuts\desktop\ioq3_update-main1\code\botlib\l_precomp.c(2838): warning C4996: 'strcpy': This function or variable may be unsafe. Consider using strcpy_s instead. To disable deprecation, use _CRT_SECURE_NO_WARNINGS. See online help for details.
c:\users\gehuts\desktop\ioq3_update-main1\code\botlib\l_precomp.c(2839): warning C4996: 'strcat': This function or variable may be unsafe. Consider using strcat_s instead. To disable deprecation, use _CRT_SECURE_NO_WARNINGS. See online help for details.
c:\users\gehuts\desktop\ioq3_update-main1\code\botlib\l_precomp.c(2840): warning C4996: 'strcat': This function or variable may be unsafe. Consider using strcat_s instead. To disable deprecation, use _CRT_SECURE_NO_WARNINGS. See online help for details.
c:\users\gehuts\desktop\ioq3_update-main1\code\botlib\l_precomp.c(2841): warning C4996: 'strcat': This function or variable may be unsafe. Consider using strcat_s instead. To disable deprecation, use _CRT_SECURE_NO_WARNINGS. See online help for details.
c:\users\gehuts\desktop\ioq3_update-main1\code\botlib\l_precomp.c(2842): warning C4996: 'strcat': This function or variable may be unsafe. Consider using strcat_s instead. To disable deprecation, use _CRT_SECURE_NO_WARNINGS. See online help for details.
c:\users\gehuts\desktop\ioq3_update-main1\code\botlib\l_precomp.c(2963): warning C4996: 'strcat': This function or variable may be unsafe. Consider using strcat_s instead. To disable deprecation, use _CRT_SECURE_NO_WARNINGS. See online help for details.
c:\users\gehuts\desktop\ioq3_update-main1\code\botlib\l_precomp.c(2958): warning C4996: 'strncpy': This function or variable may be unsafe. Consider using strncpy_s instead. To disable deprecation, use _CRT_SECURE_NO_WARNINGS. See online help for details.
  c:\program files (x86)\windows kits\10\include\10.0.22621.0\ucrt\string.h(334): note: voir la déclaration de 'strncpy'
c:\users\gehuts\desktop\ioq3_update-main1\code\botlib\l_precomp.c(3169): warning C4996: 'strcpy': This function or variable may be unsafe. Consider using strcpy_s instead. To disable deprecation, use _CRT_SECURE_NO_WARNINGS. See online help for details.
c:\users\gehuts\desktop\ioq3_update-main1\code\botlib\l_precomp.c(3191): warning C4996: 'strcpy': This function or variable may be unsafe. Consider using strcpy_s instead. To disable deprecation, use _CRT_SECURE_NO_WARNINGS. See online help for details.
  l_script.c
c:\users\gehuts\desktop\ioq3_update-main1\code\botlib\l_script.c(239): warning C4996: 'vsprintf': This function or variable may be unsafe. Consider using vsprintf_s instead. To disable deprecation, use _CRT_SECURE_NO_WARNINGS. See online help for details.
  c:\program files (x86)\windows kits\10\include\10.0.22621.0\ucrt\stdio.h(1465): note: voir la déclaration de 'vsprintf'
c:\users\gehuts\desktop\ioq3_update-main1\code\botlib\l_script.c(265): warning C4996: 'vsprintf': This function or variable may be unsafe. Consider using vsprintf_s instead. To disable deprecation, use _CRT_SECURE_NO_WARNINGS. See online help for details.
  c:\program files (x86)\windows kits\10\include\10.0.22621.0\ucrt\stdio.h(1465): note: voir la déclaration de 'vsprintf'
c:\users\gehuts\desktop\ioq3_update-main1\code\botlib\l_script.c(807): warning C4996: 'strncpy': This function or variable may be unsafe. Consider using strncpy_s instead. To disable deprecation, use _CRT_SECURE_NO_WARNINGS. See online help for details.
  c:\program files (x86)\windows kits\10\include\10.0.22621.0\ucrt\string.h(334): note: voir la déclaration de 'strncpy'
c:\users\gehuts\desktop\ioq3_update-main1\code\botlib\l_script.c(959): warning C4996: 'strcpy': This function or variable may be unsafe. Consider using strcpy_s instead. To disable deprecation, use _CRT_SECURE_NO_WARNINGS. See online help for details.
c:\users\gehuts\desktop\ioq3_update-main1\code\botlib\l_script.c(960): warning C4996: 'strcpy': This function or variable may be unsafe. Consider using strcpy_s instead. To disable deprecation, use _CRT_SECURE_NO_WARNINGS. See online help for details.
c:\users\gehuts\desktop\ioq3_update-main1\code\botlib\l_script.c(961): warning C4996: 'strcpy': This function or variable may be unsafe. Consider using strcpy_s instead. To disable deprecation, use _CRT_SECURE_NO_WARNINGS. See online help for details.
c:\users\gehuts\desktop\ioq3_update-main1\code\botlib\l_script.c(962): warning C4996: 'strcpy': This function or variable may be unsafe. Consider using strcpy_s instead. To disable deprecation, use _CRT_SECURE_NO_WARNINGS. See online help for details.
c:\users\gehuts\desktop\ioq3_update-main1\code\botlib\l_script.c(963): warning C4996: 'strcpy': This function or variable may be unsafe. Consider using strcpy_s instead. To disable deprecation, use _CRT_SECURE_NO_WARNINGS. See online help for details.
c:\users\gehuts\desktop\ioq3_update-main1\code\botlib\l_script.c(971): warning C4996: 'strcpy': This function or variable may be unsafe. Consider using strcpy_s instead. To disable deprecation, use _CRT_SECURE_NO_WARNINGS. See online help for details.
c:\users\gehuts\desktop\ioq3_update-main1\code\botlib\l_script.c(972): warning C4996: 'strcpy': This function or variable may be unsafe. Consider using strcpy_s instead. To disable deprecation, use _CRT_SECURE_NO_WARNINGS. See online help for details.
c:\users\gehuts\desktop\ioq3_update-main1\code\botlib\l_script.c(973): warning C4996: 'strcpy': This function or variable may be unsafe. Consider using strcpy_s instead. To disable deprecation, use _CRT_SECURE_NO_WARNINGS. See online help for details.
c:\users\gehuts\desktop\ioq3_update-main1\code\botlib\l_script.c(974): warning C4996: 'strcpy': This function or variable may be unsafe. Consider using strcpy_s instead. To disable deprecation, use _CRT_SECURE_NO_WARNINGS. See online help for details.
c:\users\gehuts\desktop\ioq3_update-main1\code\botlib\l_script.c(975): warning C4996: 'strcat': This function or variable may be unsafe. Consider using strcat_s instead. To disable deprecation, use _CRT_SECURE_NO_WARNINGS. See online help for details.
c:\users\gehuts\desktop\ioq3_update-main1\code\botlib\l_script.c(976): warning C4996: 'strcat': This function or variable may be unsafe. Consider using strcat_s instead. To disable deprecation, use _CRT_SECURE_NO_WARNINGS. See online help for details.
c:\users\gehuts\desktop\ioq3_update-main1\code\botlib\l_script.c(977): warning C4996: 'strcat': This function or variable may be unsafe. Consider using strcat_s instead. To disable deprecation, use _CRT_SECURE_NO_WARNINGS. See online help for details.
c:\users\gehuts\desktop\ioq3_update-main1\code\botlib\l_script.c(978): warning C4996: 'strcat': This function or variable may be unsafe. Consider using strcat_s instead. To disable deprecation, use _CRT_SECURE_NO_WARNINGS. See online help for details.
c:\users\gehuts\desktop\ioq3_update-main1\code\botlib\l_script.c(1337): warning C4996: 'strcpy': This function or variable may be unsafe. Consider using strcpy_s instead. To disable deprecation, use _CRT_SECURE_NO_WARNINGS. See online help for details.
c:\users\gehuts\desktop\ioq3_update-main1\code\botlib\l_script.c(1385): warning C4996: 'strcpy': This function or variable may be unsafe. Consider using strcpy_s instead. To disable deprecation, use _CRT_SECURE_NO_WARNINGS. See online help for details.
  l_struct.c
c:\users\gehuts\desktop\ioq3_update-main1\code\botlib\l_struct.c(224): warning C4996: 'strncpy': This function or variable may be unsafe. Consider using strncpy_s instead. To disable deprecation, use _CRT_SECURE_NO_WARNINGS. See online help for details.
  c:\program files (x86)\windows kits\10\include\10.0.22621.0\ucrt\string.h(334): note: voir la déclaration de 'strncpy'
c:\users\gehuts\desktop\ioq3_update-main1\code\botlib\l_struct.c(349): warning C4996: 'sprintf': This function or variable may be unsafe. Consider using sprintf_s instead. To disable deprecation, use _CRT_SECURE_NO_WARNINGS. See online help for details.
  c:\program files (x86)\windows kits\10\include\10.0.22621.0\ucrt\stdio.h(1764): note: voir la déclaration de 'sprintf'
  Génération de code en cours...
  botlib.vcxproj -> C:\Users\gehuts\Desktop\ioq3_update-main1\code\win32\msvc\.\build\botlib_release\botlib.lib
