c:\users\gehuts\desktop\ioq3_update-main1\code\win32\msvc\build\botlib_release\botlib.pdb
c:\users\gehuts\desktop\ioq3_update-main1\code\win32\msvc\build\botlib_release\be_ea.obj
c:\users\gehuts\desktop\ioq3_update-main1\code\win32\msvc\build\botlib_release\be_ai_weight.obj
c:\users\gehuts\desktop\ioq3_update-main1\code\win32\msvc\build\botlib_release\be_ai_weap.obj
c:\users\gehuts\desktop\ioq3_update-main1\code\win32\msvc\build\botlib_release\be_ai_move.obj
c:\users\gehuts\desktop\ioq3_update-main1\code\win32\msvc\build\botlib_release\be_ai_goal.obj
c:\users\gehuts\desktop\ioq3_update-main1\code\win32\msvc\build\botlib_release\be_ai_gen.obj
c:\users\gehuts\desktop\ioq3_update-main1\code\win32\msvc\build\botlib_release\be_ai_chat.obj
c:\users\gehuts\desktop\ioq3_update-main1\code\win32\msvc\build\botlib_release\be_ai_char.obj
c:\users\gehuts\desktop\ioq3_update-main1\code\win32\msvc\build\botlib_release\be_aas_sample.obj
c:\users\gehuts\desktop\ioq3_update-main1\code\win32\msvc\build\botlib_release\be_aas_routealt.obj
c:\users\gehuts\desktop\ioq3_update-main1\code\win32\msvc\build\botlib_release\be_aas_route.obj
c:\users\gehuts\desktop\ioq3_update-main1\code\win32\msvc\build\botlib_release\be_aas_reach.obj
c:\users\gehuts\desktop\ioq3_update-main1\code\win32\msvc\build\botlib_release\be_aas_optimize.obj
c:\users\gehuts\desktop\ioq3_update-main1\code\win32\msvc\build\botlib_release\be_aas_move.obj
c:\users\gehuts\desktop\ioq3_update-main1\code\win32\msvc\build\botlib_release\be_aas_main.obj
c:\users\gehuts\desktop\ioq3_update-main1\code\win32\msvc\build\botlib_release\be_aas_file.obj
c:\users\gehuts\desktop\ioq3_update-main1\code\win32\msvc\build\botlib_release\be_aas_entity.obj
c:\users\gehuts\desktop\ioq3_update-main1\code\win32\msvc\build\botlib_release\be_aas_debug.obj
c:\users\gehuts\desktop\ioq3_update-main1\code\win32\msvc\build\botlib_release\be_aas_cluster.obj
c:\users\gehuts\desktop\ioq3_update-main1\code\win32\msvc\build\botlib_release\be_aas_bspq3.obj
c:\users\gehuts\desktop\ioq3_update-main1\code\win32\msvc\build\botlib_release\l_struct.obj
c:\users\gehuts\desktop\ioq3_update-main1\code\win32\msvc\build\botlib_release\l_script.obj
c:\users\gehuts\desktop\ioq3_update-main1\code\win32\msvc\build\botlib_release\l_precomp.obj
c:\users\gehuts\desktop\ioq3_update-main1\code\win32\msvc\build\botlib_release\l_memory.obj
c:\users\gehuts\desktop\ioq3_update-main1\code\win32\msvc\build\botlib_release\l_log.obj
c:\users\gehuts\desktop\ioq3_update-main1\code\win32\msvc\build\botlib_release\l_libvar.obj
c:\users\gehuts\desktop\ioq3_update-main1\code\win32\msvc\build\botlib_release\l_crc.obj
c:\users\gehuts\desktop\ioq3_update-main1\code\win32\msvc\build\botlib_release\be_interface.obj
c:\users\gehuts\desktop\ioq3_update-main1\code\win32\msvc\build\botlib_release\botlib.lib
c:\users\gehuts\desktop\ioq3_update-main1\code\win32\msvc\.\build\botlib_release\botlib.lib
c:\users\gehuts\desktop\ioq3_update-main1\code\win32\msvc\build\botlib_release\botlib.tlog\cl.command.1.tlog
c:\users\gehuts\desktop\ioq3_update-main1\code\win32\msvc\build\botlib_release\botlib.tlog\cl.read.1.tlog
c:\users\gehuts\desktop\ioq3_update-main1\code\win32\msvc\build\botlib_release\botlib.tlog\cl.write.1.tlog
c:\users\gehuts\desktop\ioq3_update-main1\code\win32\msvc\build\botlib_release\botlib.tlog\lib-link.read.1.tlog
c:\users\gehuts\desktop\ioq3_update-main1\code\win32\msvc\build\botlib_release\botlib.tlog\lib-link.write.1.tlog
c:\users\gehuts\desktop\ioq3_update-main1\code\win32\msvc\build\botlib_release\botlib.tlog\lib.command.1.tlog
