c:\users\gehuts\desktop\ioq3_update-main1\code\win32\msvc\build\renderer_release\renderer.pdb
c:\users\gehuts\desktop\ioq3_update-main1\code\win32\msvc\build\renderer_release\tr_shadows.obj
c:\users\gehuts\desktop\ioq3_update-main1\code\win32\msvc\build\renderer_release\tr_shader.obj
c:\users\gehuts\desktop\ioq3_update-main1\code\win32\msvc\build\renderer_release\tr_shade_calc.obj
c:\users\gehuts\desktop\ioq3_update-main1\code\win32\msvc\build\renderer_release\tr_shade.obj
c:\users\gehuts\desktop\ioq3_update-main1\code\win32\msvc\build\renderer_release\tr_scene.obj
c:\users\gehuts\desktop\ioq3_update-main1\code\win32\msvc\build\renderer_release\tr_noise.obj
c:\users\gehuts\desktop\ioq3_update-main1\code\win32\msvc\build\renderer_release\tr_model.obj
c:\users\gehuts\desktop\ioq3_update-main1\code\win32\msvc\build\renderer_release\tr_mesh.obj
c:\users\gehuts\desktop\ioq3_update-main1\code\win32\msvc\build\renderer_release\tr_marks.obj
c:\users\gehuts\desktop\ioq3_update-main1\code\win32\msvc\build\renderer_release\tr_main.obj
c:\users\gehuts\desktop\ioq3_update-main1\code\win32\msvc\build\renderer_release\tr_light.obj
c:\users\gehuts\desktop\ioq3_update-main1\code\win32\msvc\build\renderer_release\tr_init.obj
c:\users\gehuts\desktop\ioq3_update-main1\code\win32\msvc\build\renderer_release\tr_image.obj
c:\users\gehuts\desktop\ioq3_update-main1\code\win32\msvc\build\renderer_release\tr_font.obj
c:\users\gehuts\desktop\ioq3_update-main1\code\win32\msvc\build\renderer_release\tr_flares.obj
c:\users\gehuts\desktop\ioq3_update-main1\code\win32\msvc\build\renderer_release\tr_curve.obj
c:\users\gehuts\desktop\ioq3_update-main1\code\win32\msvc\build\renderer_release\tr_cmds.obj
c:\users\gehuts\desktop\ioq3_update-main1\code\win32\msvc\build\renderer_release\tr_bsp.obj
c:\users\gehuts\desktop\ioq3_update-main1\code\win32\msvc\build\renderer_release\tr_backend.obj
c:\users\gehuts\desktop\ioq3_update-main1\code\win32\msvc\build\renderer_release\tr_animation.obj
c:\users\gehuts\desktop\ioq3_update-main1\code\win32\msvc\build\renderer_release\jcsample.obj
c:\users\gehuts\desktop\ioq3_update-main1\code\win32\msvc\build\renderer_release\jcprepct.obj
c:\users\gehuts\desktop\ioq3_update-main1\code\win32\msvc\build\renderer_release\jcphuff.obj
c:\users\gehuts\desktop\ioq3_update-main1\code\win32\msvc\build\renderer_release\jcparam.obj
c:\users\gehuts\desktop\ioq3_update-main1\code\win32\msvc\build\renderer_release\jcomapi.obj
c:\users\gehuts\desktop\ioq3_update-main1\code\win32\msvc\build\renderer_release\jcmaster.obj
c:\users\gehuts\desktop\ioq3_update-main1\code\win32\msvc\build\renderer_release\jcmarker.obj
c:\users\gehuts\desktop\ioq3_update-main1\code\win32\msvc\build\renderer_release\jcmainct.obj
c:\users\gehuts\desktop\ioq3_update-main1\code\win32\msvc\build\renderer_release\jcinit.obj
c:\users\gehuts\desktop\ioq3_update-main1\code\win32\msvc\build\renderer_release\jchuff.obj
c:\users\gehuts\desktop\ioq3_update-main1\code\win32\msvc\build\renderer_release\jcdctmgr.obj
c:\users\gehuts\desktop\ioq3_update-main1\code\win32\msvc\build\renderer_release\jccolor.obj
c:\users\gehuts\desktop\ioq3_update-main1\code\win32\msvc\build\renderer_release\jccoefct.obj
c:\users\gehuts\desktop\ioq3_update-main1\code\win32\msvc\build\renderer_release\jcapimin.obj
c:\users\gehuts\desktop\ioq3_update-main1\code\win32\msvc\build\renderer_release\win_qgl.obj
c:\users\gehuts\desktop\ioq3_update-main1\code\win32\msvc\build\renderer_release\win_glimp.obj
c:\users\gehuts\desktop\ioq3_update-main1\code\win32\msvc\build\renderer_release\win_gamma.obj
c:\users\gehuts\desktop\ioq3_update-main1\code\win32\msvc\build\renderer_release\tr_world.obj
c:\users\gehuts\desktop\ioq3_update-main1\code\win32\msvc\build\renderer_release\tr_surface.obj
c:\users\gehuts\desktop\ioq3_update-main1\code\win32\msvc\build\renderer_release\tr_sky.obj
c:\users\gehuts\desktop\ioq3_update-main1\code\win32\msvc\build\renderer_release\jutils.obj
c:\users\gehuts\desktop\ioq3_update-main1\code\win32\msvc\build\renderer_release\jmemnobs.obj
c:\users\gehuts\desktop\ioq3_update-main1\code\win32\msvc\build\renderer_release\jmemmgr.obj
c:\users\gehuts\desktop\ioq3_update-main1\code\win32\msvc\build\renderer_release\jidctflt.obj
c:\users\gehuts\desktop\ioq3_update-main1\code\win32\msvc\build\renderer_release\jfdctflt.obj
c:\users\gehuts\desktop\ioq3_update-main1\code\win32\msvc\build\renderer_release\jerror.obj
c:\users\gehuts\desktop\ioq3_update-main1\code\win32\msvc\build\renderer_release\jdtrans.obj
c:\users\gehuts\desktop\ioq3_update-main1\code\win32\msvc\build\renderer_release\jdsample.obj
c:\users\gehuts\desktop\ioq3_update-main1\code\win32\msvc\build\renderer_release\jdpostct.obj
c:\users\gehuts\desktop\ioq3_update-main1\code\win32\msvc\build\renderer_release\jdmaster.obj
c:\users\gehuts\desktop\ioq3_update-main1\code\win32\msvc\build\renderer_release\jdmarker.obj
c:\users\gehuts\desktop\ioq3_update-main1\code\win32\msvc\build\renderer_release\jdmainct.obj
c:\users\gehuts\desktop\ioq3_update-main1\code\win32\msvc\build\renderer_release\jdinput.obj
c:\users\gehuts\desktop\ioq3_update-main1\code\win32\msvc\build\renderer_release\jdhuff.obj
c:\users\gehuts\desktop\ioq3_update-main1\code\win32\msvc\build\renderer_release\jddctmgr.obj
c:\users\gehuts\desktop\ioq3_update-main1\code\win32\msvc\build\renderer_release\jdcolor.obj
c:\users\gehuts\desktop\ioq3_update-main1\code\win32\msvc\build\renderer_release\jdcoefct.obj
c:\users\gehuts\desktop\ioq3_update-main1\code\win32\msvc\build\renderer_release\jdatasrc.obj
c:\users\gehuts\desktop\ioq3_update-main1\code\win32\msvc\build\renderer_release\jdapistd.obj
c:\users\gehuts\desktop\ioq3_update-main1\code\win32\msvc\build\renderer_release\jdapimin.obj
c:\users\gehuts\desktop\ioq3_update-main1\code\win32\msvc\build\renderer_release\renderer.lib
c:\users\gehuts\desktop\ioq3_update-main1\code\win32\msvc\.\build\renderer_release\renderer.lib
c:\users\gehuts\desktop\ioq3_update-main1\code\win32\msvc\build\renderer_release\renderer.tlog\cl.command.1.tlog
c:\users\gehuts\desktop\ioq3_update-main1\code\win32\msvc\build\renderer_release\renderer.tlog\cl.read.1.tlog
c:\users\gehuts\desktop\ioq3_update-main1\code\win32\msvc\build\renderer_release\renderer.tlog\cl.write.1.tlog
c:\users\gehuts\desktop\ioq3_update-main1\code\win32\msvc\build\renderer_release\renderer.tlog\lib-link.read.1.tlog
c:\users\gehuts\desktop\ioq3_update-main1\code\win32\msvc\build\renderer_release\renderer.tlog\lib-link.write.1.tlog
c:\users\gehuts\desktop\ioq3_update-main1\code\win32\msvc\build\renderer_release\renderer.tlog\lib.command.1.tlog
