  tr_animation.c
  tr_backend.c
c:\users\gehuts\desktop\ioq3_update-main1\code\renderer\tr_backend.c(549): warning C4389: '==' : incompatibilité signed/unsigned
  tr_bsp.c
c:\users\gehuts\desktop\ioq3_update-main1\code\renderer\tr_bsp.c(1707): warning C4996: 'strcpy': This function or variable may be unsafe. Consider using strcpy_s instead. To disable deprecation, use _CRT_SECURE_NO_WARNINGS. See online help for details.
c:\users\gehuts\desktop\ioq3_update-main1\code\renderer\tr_bsp.c(1761): warning C4996: 'sscanf': This function or variable may be unsafe. Consider using sscanf_s instead. To disable deprecation, use _CRT_SECURE_NO_WARNINGS. See online help for details.
  c:\program files (x86)\windows kits\10\include\10.0.22621.0\ucrt\stdio.h(2240): note: voir la déclaration de 'sscanf'
  tr_cmds.c
c:\users\gehuts\desktop\ioq3_update-main1\code\renderer\tr_cmds.c(256): warning C4459: la déclaration de 'colorWhite' masque la déclaration globale
  c:\users\gehuts\desktop\ioq3_update-main1\code\qcommon\q_shared.h(346): note: voir la déclaration de 'colorWhite'
  tr_curve.c
c:\users\gehuts\desktop\ioq3_update-main1\code\renderer\tr_curve.c(395): warning C4456: la déclaration de 'dir' masque la déclaration locale précédente
  c:\users\gehuts\desktop\ioq3_update-main1\code\renderer\tr_curve.c(367): note: voir la déclaration de 'dir'
  tr_flares.c
  tr_font.c
  tr_image.c
c:\users\gehuts\desktop\ioq3_update-main1\code\renderer\tr_image.c(761): warning C4996: 'strcpy': This function or variable may be unsafe. Consider using strcpy_s instead. To disable deprecation, use _CRT_SECURE_NO_WARNINGS. See online help for details.
c:\users\gehuts\desktop\ioq3_update-main1\code\renderer\tr_image.c(896): warning C4389: '!=' : incompatibilité signed/unsigned
c:\users\gehuts\desktop\ioq3_update-main1\code\renderer\tr_image.c(916): warning C4389: '!=' : incompatibilité signed/unsigned
c:\users\gehuts\desktop\ioq3_update-main1\code\renderer\tr_image.c(1307): warning C4389: '==' : incompatibilité signed/unsigned
c:\users\gehuts\desktop\ioq3_update-main1\code\renderer\tr_image.c(1344): warning C4389: '==' : incompatibilité signed/unsigned
c:\users\gehuts\desktop\ioq3_update-main1\code\renderer\tr_image.c(2434): warning C4245: 'return' : conversion de 'int' en 'uint32_t', incompatibilité signed/unsigned
c:\users\gehuts\desktop\ioq3_update-main1\code\renderer\tr_image.c(2456): warning C4245: 'return' : conversion de 'int' en 'uint32_t', incompatibilité signed/unsigned
c:\users\gehuts\desktop\ioq3_update-main1\code\renderer\tr_image.c(2479): warning C4245: 'return' : conversion de 'int' en 'uint32_t', incompatibilité signed/unsigned
c:\users\gehuts\desktop\ioq3_update-main1\code\renderer\tr_image.c(2516): warning C4245: 'return' : conversion de 'int' en 'uint32_t', incompatibilité signed/unsigned
c:\users\gehuts\desktop\ioq3_update-main1\code\renderer\tr_image.c(2529): warning C4245: 'return' : conversion de 'int' en 'uint32_t', incompatibilité signed/unsigned
c:\users\gehuts\desktop\ioq3_update-main1\code\renderer\tr_image.c(2549): warning C4245: 'return' : conversion de 'int' en 'uint32_t', incompatibilité signed/unsigned
c:\users\gehuts\desktop\ioq3_update-main1\code\renderer\tr_image.c(2583): warning C4245: 'return' : conversion de 'int' en 'uint32_t', incompatibilité signed/unsigned
c:\users\gehuts\desktop\ioq3_update-main1\code\renderer\tr_image.c(2590): warning C4245: 'return' : conversion de 'int' en 'uint32_t', incompatibilité signed/unsigned
c:\users\gehuts\desktop\ioq3_update-main1\code\renderer\tr_image.c(2621): warning C4245: 'return' : conversion de 'int' en 'uint32_t', incompatibilité signed/unsigned
c:\users\gehuts\desktop\ioq3_update-main1\code\renderer\tr_image.c(2633): warning C4245: 'return' : conversion de 'int' en 'uint32_t', incompatibilité signed/unsigned
c:\users\gehuts\desktop\ioq3_update-main1\code\renderer\tr_image.c(2664): warning C4245: 'return' : conversion de 'int' en 'uint32_t', incompatibilité signed/unsigned
  tr_init.c
c:\users\gehuts\desktop\ioq3_update-main1\code\renderer\tr_init.c(218): warning C4996: 'strcpy': This function or variable may be unsafe. Consider using strcpy_s instead. To disable deprecation, use _CRT_SECURE_NO_WARNINGS. See online help for details.
c:\users\gehuts\desktop\ioq3_update-main1\code\renderer\tr_init.c(260): warning C4996: 'strcpy': This function or variable may be unsafe. Consider using strcpy_s instead. To disable deprecation, use _CRT_SECURE_NO_WARNINGS. See online help for details.
c:\users\gehuts\desktop\ioq3_update-main1\code\renderer\tr_init.c(263): warning C4996: 'strcpy': This function or variable may be unsafe. Consider using strcpy_s instead. To disable deprecation, use _CRT_SECURE_NO_WARNINGS. See online help for details.
c:\users\gehuts\desktop\ioq3_update-main1\code\renderer\tr_init.c(266): warning C4996: 'strcpy': This function or variable may be unsafe. Consider using strcpy_s instead. To disable deprecation, use _CRT_SECURE_NO_WARNINGS. See online help for details.
c:\users\gehuts\desktop\ioq3_update-main1\code\renderer\tr_init.c(269): warning C4996: 'strcpy': This function or variable may be unsafe. Consider using strcpy_s instead. To disable deprecation, use _CRT_SECURE_NO_WARNINGS. See online help for details.
c:\users\gehuts\desktop\ioq3_update-main1\code\renderer\tr_init.c(272): warning C4996: 'strcpy': This function or variable may be unsafe. Consider using strcpy_s instead. To disable deprecation, use _CRT_SECURE_NO_WARNINGS. See online help for details.
c:\users\gehuts\desktop\ioq3_update-main1\code\renderer\tr_init.c(275): warning C4996: 'strcpy': This function or variable may be unsafe. Consider using strcpy_s instead. To disable deprecation, use _CRT_SECURE_NO_WARNINGS. See online help for details.
c:\users\gehuts\desktop\ioq3_update-main1\code\renderer\tr_init.c(554): warning C4996: 'sprintf': This function or variable may be unsafe. Consider using sprintf_s instead. To disable deprecation, use _CRT_SECURE_NO_WARNINGS. See online help for details.
  c:\program files (x86)\windows kits\10\include\10.0.22621.0\ucrt\stdio.h(1764): note: voir la déclaration de 'sprintf'
  tr_light.c
  tr_main.c
  tr_marks.c
  tr_mesh.c
  tr_model.c
c:\users\gehuts\desktop\ioq3_update-main1\code\renderer\tr_model.c(138): warning C4996: 'strcpy': This function or variable may be unsafe. Consider using strcpy_s instead. To disable deprecation, use _CRT_SECURE_NO_WARNINGS. See online help for details.
  tr_noise.c
  tr_scene.c
  tr_shade.c
c:\users\gehuts\desktop\ioq3_update-main1\code\renderer\tr_shade.c(93): warning C4389: '==' : incompatibilité signed/unsigned
c:\users\gehuts\desktop\ioq3_update-main1\code\renderer\tr_shade.c(121): warning C4389: '==' : incompatibilité signed/unsigned
  tr_shade_calc.c
c:\users\gehuts\desktop\ioq3_update-main1\code\renderer\tr_shade_calc.c(517): warning C4389: '==' : incompatibilité signed/unsigned
c:\users\gehuts\desktop\ioq3_update-main1\code\renderer\tr_shade_calc.c(518): warning C4389: '==' : incompatibilité signed/unsigned
  tr_shader.c
c:\users\gehuts\desktop\ioq3_update-main1\code\renderer\tr_shader.c(987): warning C4996: 'strcat': This function or variable may be unsafe. Consider using strcat_s instead. To disable deprecation, use _CRT_SECURE_NO_WARNINGS. See online help for details.
c:\users\gehuts\desktop\ioq3_update-main1\code\renderer\tr_shader.c(988): warning C4996: 'strcat': This function or variable may be unsafe. Consider using strcat_s instead. To disable deprecation, use _CRT_SECURE_NO_WARNINGS. See online help for details.
c:\users\gehuts\desktop\ioq3_update-main1\code\renderer\tr_shader.c(1905): warning C4459: la déclaration de 'shader' masque la déclaration globale
  c:\users\gehuts\desktop\ioq3_update-main1\code\renderer\tr_shader.c(31): note: voir la déclaration de 'shader'
c:\users\gehuts\desktop\ioq3_update-main1\code\renderer\tr_shader.c(2796): warning C4459: la déclaration de 'shader' masque la déclaration globale
  c:\users\gehuts\desktop\ioq3_update-main1\code\renderer\tr_shader.c(31): note: voir la déclaration de 'shader'
c:\users\gehuts\desktop\ioq3_update-main1\code\renderer\tr_shader.c(2907): warning C4996: 'strcat': This function or variable may be unsafe. Consider using strcat_s instead. To disable deprecation, use _CRT_SECURE_NO_WARNINGS. See online help for details.
c:\users\gehuts\desktop\ioq3_update-main1\code\renderer\tr_shader.c(2910): warning C4996: 'strcat': This function or variable may be unsafe. Consider using strcat_s instead. To disable deprecation, use _CRT_SECURE_NO_WARNINGS. See online help for details.
  tr_shadows.c
c:\users\gehuts\desktop\ioq3_update-main1\code\renderer\tr_shadows.c(48): warning C4459: la déclaration de 'facing' masque la déclaration globale
  c:\users\gehuts\desktop\ioq3_update-main1\code\renderer\tr_shadows.c(46): note: voir la déclaration de 'facing'
  Génération de code en cours...
  Compilation en cours...
  tr_sky.c
  tr_surface.c
  tr_world.c
  win_gamma.c
c:\users\gehuts\desktop\ioq3_update-main1\code\win32\win_gamma.c(156): warning C4996: 'GetVersionExA': a été déclaré déconseillé
  c:\program files (x86)\windows kits\10\include\10.0.22621.0\um\sysinfoapi.h(396): note: voir la déclaration de 'GetVersionExA'
  win_glimp.c
c:\users\gehuts\desktop\ioq3_update-main1\code\win32\win_glimp.c(1205): warning C4996: 'GetVersionExA': a été déclaré déconseillé
  c:\program files (x86)\windows kits\10\include\10.0.22621.0\um\sysinfoapi.h(396): note: voir la déclaration de 'GetVersionExA'
c:\users\gehuts\desktop\ioq3_update-main1\code\win32\win_glimp.c(1453): warning C4996: 'sscanf': This function or variable may be unsafe. Consider using sscanf_s instead. To disable deprecation, use _CRT_SECURE_NO_WARNINGS. See online help for details.
  c:\program files (x86)\windows kits\10\include\10.0.22621.0\ucrt\stdio.h(2240): note: voir la déclaration de 'sscanf'
c:\users\gehuts\desktop\ioq3_update-main1\code\win32\win_glimp.c(1456): warning C4996: 'sscanf': This function or variable may be unsafe. Consider using sscanf_s instead. To disable deprecation, use _CRT_SECURE_NO_WARNINGS. See online help for details.
  c:\program files (x86)\windows kits\10\include\10.0.22621.0\ucrt\stdio.h(2240): note: voir la déclaration de 'sscanf'
  win_qgl.c
c:\users\gehuts\desktop\ioq3_update-main1\code\win32\win_qgl.c(793): warning C4996: 'strcpy': This function or variable may be unsafe. Consider using strcpy_s instead. To disable deprecation, use _CRT_SECURE_NO_WARNINGS. See online help for details.
c:\users\gehuts\desktop\ioq3_update-main1\code\win32\win_qgl.c(795): warning C4996: 'strcpy': This function or variable may be unsafe. Consider using strcpy_s instead. To disable deprecation, use _CRT_SECURE_NO_WARNINGS. See online help for details.
c:\users\gehuts\desktop\ioq3_update-main1\code\win32\win_qgl.c(797): warning C4996: 'strcpy': This function or variable may be unsafe. Consider using strcpy_s instead. To disable deprecation, use _CRT_SECURE_NO_WARNINGS. See online help for details.
c:\users\gehuts\desktop\ioq3_update-main1\code\win32\win_qgl.c(799): warning C4996: 'strcpy': This function or variable may be unsafe. Consider using strcpy_s instead. To disable deprecation, use _CRT_SECURE_NO_WARNINGS. See online help for details.
c:\users\gehuts\desktop\ioq3_update-main1\code\win32\win_qgl.c(801): warning C4996: 'strcpy': This function or variable may be unsafe. Consider using strcpy_s instead. To disable deprecation, use _CRT_SECURE_NO_WARNINGS. See online help for details.
c:\users\gehuts\desktop\ioq3_update-main1\code\win32\win_qgl.c(803): warning C4996: 'strcpy': This function or variable may be unsafe. Consider using strcpy_s instead. To disable deprecation, use _CRT_SECURE_NO_WARNINGS. See online help for details.
c:\users\gehuts\desktop\ioq3_update-main1\code\win32\win_qgl.c(805): warning C4996: 'strcpy': This function or variable may be unsafe. Consider using strcpy_s instead. To disable deprecation, use _CRT_SECURE_NO_WARNINGS. See online help for details.
c:\users\gehuts\desktop\ioq3_update-main1\code\win32\win_qgl.c(807): warning C4996: 'strcpy': This function or variable may be unsafe. Consider using strcpy_s instead. To disable deprecation, use _CRT_SECURE_NO_WARNINGS. See online help for details.
c:\users\gehuts\desktop\ioq3_update-main1\code\win32\win_qgl.c(809): warning C4996: 'strcpy': This function or variable may be unsafe. Consider using strcpy_s instead. To disable deprecation, use _CRT_SECURE_NO_WARNINGS. See online help for details.
c:\users\gehuts\desktop\ioq3_update-main1\code\win32\win_qgl.c(811): warning C4996: 'strcpy': This function or variable may be unsafe. Consider using strcpy_s instead. To disable deprecation, use _CRT_SECURE_NO_WARNINGS. See online help for details.
c:\users\gehuts\desktop\ioq3_update-main1\code\win32\win_qgl.c(813): warning C4996: 'sprintf': This function or variable may be unsafe. Consider using sprintf_s instead. To disable deprecation, use _CRT_SECURE_NO_WARNINGS. See online help for details.
  c:\program files (x86)\windows kits\10\include\10.0.22621.0\ucrt\stdio.h(1764): note: voir la déclaration de 'sprintf'
c:\users\gehuts\desktop\ioq3_update-main1\code\win32\win_qgl.c(845): warning C4996: 'sprintf': This function or variable may be unsafe. Consider using sprintf_s instead. To disable deprecation, use _CRT_SECURE_NO_WARNINGS. See online help for details.
  c:\program files (x86)\windows kits\10\include\10.0.22621.0\ucrt\stdio.h(1764): note: voir la déclaration de 'sprintf'
c:\users\gehuts\desktop\ioq3_update-main1\code\win32\win_qgl.c(923): warning C4996: 'strcpy': This function or variable may be unsafe. Consider using strcpy_s instead. To disable deprecation, use _CRT_SECURE_NO_WARNINGS. See online help for details.
c:\users\gehuts\desktop\ioq3_update-main1\code\win32\win_qgl.c(926): warning C4996: 'strcpy': This function or variable may be unsafe. Consider using strcpy_s instead. To disable deprecation, use _CRT_SECURE_NO_WARNINGS. See online help for details.
c:\users\gehuts\desktop\ioq3_update-main1\code\win32\win_qgl.c(929): warning C4996: 'strcpy': This function or variable may be unsafe. Consider using strcpy_s instead. To disable deprecation, use _CRT_SECURE_NO_WARNINGS. See online help for details.
c:\users\gehuts\desktop\ioq3_update-main1\code\win32\win_qgl.c(932): warning C4996: 'strcpy': This function or variable may be unsafe. Consider using strcpy_s instead. To disable deprecation, use _CRT_SECURE_NO_WARNINGS. See online help for details.
c:\users\gehuts\desktop\ioq3_update-main1\code\win32\win_qgl.c(935): warning C4996: 'strcpy': This function or variable may be unsafe. Consider using strcpy_s instead. To disable deprecation, use _CRT_SECURE_NO_WARNINGS. See online help for details.
c:\users\gehuts\desktop\ioq3_update-main1\code\win32\win_qgl.c(938): warning C4996: 'strcpy': This function or variable may be unsafe. Consider using strcpy_s instead. To disable deprecation, use _CRT_SECURE_NO_WARNINGS. See online help for details.
c:\users\gehuts\desktop\ioq3_update-main1\code\win32\win_qgl.c(941): warning C4996: 'strcpy': This function or variable may be unsafe. Consider using strcpy_s instead. To disable deprecation, use _CRT_SECURE_NO_WARNINGS. See online help for details.
c:\users\gehuts\desktop\ioq3_update-main1\code\win32\win_qgl.c(944): warning C4996: 'sprintf': This function or variable may be unsafe. Consider using sprintf_s instead. To disable deprecation, use _CRT_SECURE_NO_WARNINGS. See online help for details.
  c:\program files (x86)\windows kits\10\include\10.0.22621.0\ucrt\stdio.h(1764): note: voir la déclaration de 'sprintf'
c:\users\gehuts\desktop\ioq3_update-main1\code\win32\win_qgl.c(3687): warning C4996: 'localtime': This function or variable may be unsafe. Consider using localtime_s instead. To disable deprecation, use _CRT_SECURE_NO_WARNINGS. See online help for details.
  c:\program files (x86)\windows kits\10\include\10.0.22621.0\ucrt\time.h(525): note: voir la déclaration de 'localtime'
c:\users\gehuts\desktop\ioq3_update-main1\code\win32\win_qgl.c(3689): warning C4996: 'asctime': This function or variable may be unsafe. Consider using asctime_s instead. To disable deprecation, use _CRT_SECURE_NO_WARNINGS. See online help for details.
  c:\program files (x86)\windows kits\10\include\10.0.22621.0\ucrt\time.h(123): note: voir la déclaration de 'asctime'
c:\users\gehuts\desktop\ioq3_update-main1\code\win32\win_qgl.c(3693): warning C4996: 'fopen': This function or variable may be unsafe. Consider using fopen_s instead. To disable deprecation, use _CRT_SECURE_NO_WARNINGS. See online help for details.
  c:\program files (x86)\windows kits\10\include\10.0.22621.0\ucrt\stdio.h(213): note: voir la déclaration de 'fopen'
c:\users\gehuts\desktop\ioq3_update-main1\code\win32\win_qgl.c(3695): warning C4996: 'asctime': This function or variable may be unsafe. Consider using asctime_s instead. To disable deprecation, use _CRT_SECURE_NO_WARNINGS. See online help for details.
  c:\program files (x86)\windows kits\10\include\10.0.22621.0\ucrt\time.h(123): note: voir la déclaration de 'asctime'
  jcapimin.c
  jccoefct.c
  jccolor.c
  jcdctmgr.c
  jchuff.c
  jcinit.c
  jcmainct.c
  jcmarker.c
  jcmaster.c
  jcomapi.c
  jcparam.c
  jcphuff.c
  jcprepct.c
  jcsample.c
  Génération de code en cours...
  Compilation en cours...
  jdapimin.c
  jdapistd.c
  jdatasrc.c
  jdcoefct.c
  jdcolor.c
  jddctmgr.c
  jdhuff.c
  jdinput.c
  jdmainct.c
  jdmarker.c
  jdmaster.c
  jdpostct.c
  jdsample.c
  jdtrans.c
  jerror.c
c:\users\gehuts\desktop\ioq3_update-main1\code\jpeg-6\jerror.c(173): warning C4996: 'sprintf': This function or variable may be unsafe. Consider using sprintf_s instead. To disable deprecation, use _CRT_SECURE_NO_WARNINGS. See online help for details.
  c:\program files (x86)\windows kits\10\include\10.0.22621.0\ucrt\stdio.h(1764): note: voir la déclaration de 'sprintf'
c:\users\gehuts\desktop\ioq3_update-main1\code\jpeg-6\jerror.c(175): warning C4996: 'sprintf': This function or variable may be unsafe. Consider using sprintf_s instead. To disable deprecation, use _CRT_SECURE_NO_WARNINGS. See online help for details.
  c:\program files (x86)\windows kits\10\include\10.0.22621.0\ucrt\stdio.h(1764): note: voir la déclaration de 'sprintf'
  jfdctflt.c
  jidctflt.c
  jmemmgr.c
c:\users\gehuts\desktop\ioq3_update-main1\code\jpeg-6\jmemmgr.c(1106): warning C4996: 'sscanf': This function or variable may be unsafe. Consider using sscanf_s instead. To disable deprecation, use _CRT_SECURE_NO_WARNINGS. See online help for details.
  c:\program files (x86)\windows kits\10\include\10.0.22621.0\ucrt\stdio.h(2240): note: voir la déclaration de 'sscanf'
  jmemnobs.c
  jutils.c
  Génération de code en cours...
  renderer.vcxproj -> C:\Users\gehuts\Desktop\ioq3_update-main1\code\win32\msvc\.\build\renderer_release\renderer.lib
